<?xml version="1.0" encoding="UTF-8"?>
<!-- Generated by org.testng.reporters.JUnitXMLReporter -->
<testsuite ignored="0" hostname="DESKTOP-0TSGC6B" failures="0" tests="3" name="Default test" time="1.74" errors="0" timestamp="2024-07-11T17:23:27 IST">
  <testcase classname="test.AddToCarttest" name="validateCartValueShown" time="0.72"/>
  <testcase classname="test.AddToCarttest" name="validateYourCartPage" time="0.148"/>
  <testcase classname="test.AddToCarttest" name="validateUserInformationPage" time="0.173"/>
</testsuite> <!-- Default test -->
